<?xml version="1.0" encoding="UTF-8"?>
<!-- Generated by org.testng.reporters.JUnitReportReporter -->
<testsuite skipped="0" hostname="PIL-PC-1048" name="com.LearnFramework.LandingpageTest" tests="1" failures="0" timestamp="2019-12-04T16:45:44 IST" time="7.341" errors="0">
  <testcase name="LandingTest" time="7.341" classname="com.LearnFramework.LandingpageTest"/>
</testsuite> <!-- com.LearnFramework.LandingpageTest -->
