<?xml version="1.0" encoding="UTF-8"?>
<!-- Generated by org.testng.reporters.JUnitReportReporter -->
<testsuite skipped="0" hostname="PIL-PC-1048" name="com.LearnFramework.Login.LoginPageTest" tests="2" failures="0" timestamp="2019-12-11T14:08:47 IST" time="33.440" errors="0">
  <testcase name="testLogin" time="15.050" classname="com.LearnFramework.Login.LoginPageTest"/>
  <testcase name="testLogin" time="18.390" classname="com.LearnFramework.Login.LoginPageTest"/>
</testsuite> <!-- com.LearnFramework.Login.LoginPageTest -->
