<?xml version="1.0" encoding="UTF-8"?>
<!-- Generated by org.testng.reporters.JUnitReportReporter -->
<testsuite skipped="0" hostname="PIL-PC-1048" name="com.LearnFramework.LoginPageTest" tests="1" failures="0" timestamp="2019-12-05T17:53:00 IST" time="11.355" errors="0">
  <testcase name="testLogin" time="11.355" classname="com.LearnFramework.LoginPageTest"/>
</testsuite> <!-- com.LearnFramework.LoginPageTest -->
