<?xml version="1.0" encoding="UTF-8"?>
<!-- Generated by org.testng.reporters.JUnitReportReporter -->
<testsuite skipped="0" hostname="PIL-PC-1048" name="com.LearnFramework.ProductCategoryVerify.VerifyProductAddTOCART" tests="2" failures="0" timestamp="2019-12-16T19:47:14 IST" time="22.945" errors="0">
  <testcase name="testLogin" time="11.184" classname="com.LearnFramework.ProductCategoryVerify.VerifyProductAddTOCART"/>
  <testcase name="test_AddProductToCart" time="11.761" classname="com.LearnFramework.ProductCategoryVerify.VerifyProductAddTOCART"/>
</testsuite> <!-- com.LearnFramework.ProductCategoryVerify.VerifyProductAddTOCART -->
