<?xml version="1.0" encoding="UTF-8"?>
<!-- Generated by org.testng.reporters.JUnitReportReporter -->
<testsuite skipped="0" hostname="PIL-PC-1048" name="com.LearnFramework.Login.LoginPageTest" tests="1" failures="0" timestamp="2019-12-10T11:27:36 IST" time="11.562" errors="0">
  <testcase name="testLogin" time="11.562" classname="com.LearnFramework.Login.LoginPageTest"/>
</testsuite> <!-- com.LearnFramework.Login.LoginPageTest -->
