<?xml version="1.0" encoding="UTF-8"?>
<!-- Generated by org.testng.reporters.JUnitReportReporter -->
<testsuite skipped="0" hostname="PIL-PC-1048" name="com.LearnFramework.SignoutTest" tests="2" failures="0" timestamp="2019-12-05T17:53:00 IST" time="13.808" errors="0">
  <testcase name="test_Signout" time="2.310" classname="com.LearnFramework.SignoutTest"/>
  <testcase name="testLogin" time="11.498" classname="com.LearnFramework.SignoutTest"/>
</testsuite> <!-- com.LearnFramework.SignoutTest -->
